# JRE version: Java(TM) SE Runtime Environment (8.0-b132) (build 1.8.0-b132)
# Java VM: Java HotSpot(TM) 64-Bit Server VM (25.0-b70 mixed mode bsd-amd64 compressed oops)
Heap:
 PSYoungGen      total 13312K, used 4342K [0x000000076ab00000, 0x000000076b980000, 0x00000007c0000000)
  eden space 11776K, 33% used [0x000000076ab00000,0x000000076aee5a20,0x000000076b680000)
  from space 1536K, 22% used [0x000000076b800000,0x000000076b858000,0x000000076b980000)
  to   space 1536K, 0% used [0x000000076b680000,0x000000076b680000,0x000000076b800000)
 ParOldGen       total 260608K, used 2268K [0x00000006c0000000, 0x00000006cfe80000, 0x000000076ab00000)
  object space 260608K, 0% used [0x00000006c0000000,0x00000006c0237248,0x00000006cfe80000)
 Metaspace       used 7081K, capacity 7314K, committed 7552K, reserved 1056768K
  class space    used 821K, capacity 857K, committed 896K, reserved 1048576K
GC Heap History (10 events):
Event: 0.400 GC heap before
{Heap before GC invocations=6 (full 0):
 PSYoungGen      total 2560K, used 2560K [0x000000076ab00000, 0x000000076b100000, 0x00000007c0000000)
  eden space 2048K, 100% used [0x000000076ab00000,0x000000076ad00000,0x000000076ad00000)
  from space 512K, 100% used [0x000000076ad00000,0x000000076ad80000,0x000000076ad80000)
  to   space 1024K, 0% used [0x000000076b000000,0x000000076b000000,0x000000076b100000)
 ParOldGen       total 260608K, used 928K [0x00000006c0000000, 0x00000006cfe80000, 0x000000076ab00000)
  object space 260608K, 0% used [0x00000006c0000000,0x00000006c00e81e8,0x00000006cfe80000)
 Metaspace       used 6293K, capacity 6516K, committed 6784K, reserved 1056768K
  class space    used 721K, capacity 784K, committed 896K, reserved 1048576K
Event: 0.402 GC heap after
Heap after GC invocations=6 (full 0):
 PSYoungGen      total 4608K, used 1008K [0x000000076ab00000, 0x000000076b200000, 0x00000007c0000000)
  eden space 3584K, 0% used [0x000000076ab00000,0x000000076ab00000,0x000000076ae80000)
  from space 1024K, 98% used [0x000000076b000000,0x000000076b0fc010,0x000000076b100000)
  to   space 1536K, 0% used [0x000000076ae80000,0x000000076ae80000,0x000000076b000000)
 ParOldGen       total 260608K, used 960K [0x00000006c0000000, 0x00000006cfe80000, 0x000000076ab00000)
  object space 260608K, 0% used [0x00000006c0000000,0x00000006c00f01e8,0x00000006cfe80000)
 Metaspace       used 6293K, capacity 6516K, committed 6784K, reserved 1056768K
  class space    used 721K, capacity 784K, committed 896K, reserved 1048576K
}
Event: 0.494 GC heap before
{Heap before GC invocations=7 (full 0):
 PSYoungGen      total 4608K, used 4592K [0x000000076ab00000, 0x000000076b200000, 0x00000007c0000000)
  eden space 3584K, 100% used [0x000000076ab00000,0x000000076ae80000,0x000000076ae80000)
  from space 1024K, 98% used [0x000000076b000000,0x000000076b0fc010,0x000000076b100000)
  to   space 1536K, 0% used [0x000000076ae80000,0x000000076ae80000,0x000000076b000000)
 ParOldGen       total 260608K, used 960K [0x00000006c0000000, 0x00000006cfe80000, 0x000000076ab00000)
  object space 260608K, 0% used [0x00000006c0000000,0x00000006c00f01e8,0x00000006cfe80000)
 Metaspace       used 6971K, capacity 7186K, committed 7296K, reserved 1056768K
  class space    used 819K, capacity 857K, committed 896K, reserved 1048576K
Event: 0.496 GC heap after
Heap after GC invocations=7 (full 0):
 PSYoungGen      total 5120K, used 1120K [0x000000076ab00000, 0x000000076b500000, 0x00000007c0000000)
  eden space 3584K, 0% used [0x000000076ab00000,0x000000076ab00000,0x000000076ae80000)
  from space 1536K, 72% used [0x000000076ae80000,0x000000076af98000,0x000000076b000000)
  to   space 1536K, 0% used [0x000000076b380000,0x000000076b380000,0x000000076b500000)
 ParOldGen       total 260608K, used 1232K [0x00000006c0000000, 0x00000006cfe80000, 0x000000076ab00000)
  object space 260608K, 0% used [0x00000006c0000000,0x00000006c0134238,0x00000006cfe80000)
 Metaspace       used 6971K, capacity 7186K, committed 7296K, reserved 1056768K
  class space    used 819K, capacity 857K, committed 896K, reserved 1048576K
}
Event: 0.522 GC heap before
{Heap before GC invocations=8 (full 0):
 PSYoungGen      total 5120K, used 4704K [0x000000076ab00000, 0x000000076b500000, 0x00000007c0000000)
  eden space 3584K, 100% used [0x000000076ab00000,0x000000076ae80000,0x000000076ae80000)
  from space 1536K, 72% used [0x000000076ae80000,0x000000076af98000,0x000000076b000000)
  to   space 1536K, 0% used [0x000000076b380000,0x000000076b380000,0x000000076b500000)
 ParOldGen       total 260608K, used 1232K [0x00000006c0000000, 0x00000006cfe80000, 0x000000076ab00000)
  object space 260608K, 0% used [0x00000006c0000000,0x00000006c0134238,0x00000006cfe80000)
 Metaspace       used 7004K, capacity 7186K, committed 7296K, reserved 1056768K
  class space    used 819K, capacity 857K, committed 896K, reserved 1048576K
Event: 0.523 GC heap after
Heap after GC invocations=8 (full 0):
 PSYoungGen      total 8704K, used 1024K [0x000000076ab00000, 0x000000076b500000, 0x00000007c0000000)
  eden space 7168K, 0% used [0x000000076ab00000,0x000000076ab00000,0x000000076b200000)
  from space 1536K, 66% used [0x000000076b380000,0x000000076b480000,0x000000076b500000)
  to   space 1536K, 0% used [0x000000076b200000,0x000000076b200000,0x000000076b380000)
 ParOldGen       total 260608K, used 1400K [0x00000006c0000000, 0x00000006cfe80000, 0x000000076ab00000)
  object space 260608K, 0% used [0x00000006c0000000,0x00000006c015e238,0x00000006cfe80000)
 Metaspace       used 7004K, capacity 7186K, committed 7296K, reserved 1056768K
  class space    used 819K, capacity 857K, committed 896K, reserved 1048576K
}
Event: 0.557 GC heap before
{Heap before GC invocations=9 (full 0):
 PSYoungGen      total 8704K, used 8192K [0x000000076ab00000, 0x000000076b500000, 0x00000007c0000000)
  eden space 7168K, 100% used [0x000000076ab00000,0x000000076b200000,0x000000076b200000)
  from space 1536K, 66% used [0x000000076b380000,0x000000076b480000,0x000000076b500000)
  to   space 1536K, 0% used [0x000000076b200000,0x000000076b200000,0x000000076b380000)
 ParOldGen       total 260608K, used 1400K [0x00000006c0000000, 0x00000006cfe80000, 0x000000076ab00000)
  object space 260608K, 0% used [0x00000006c0000000,0x00000006c015e238,0x00000006cfe80000)
 Metaspace       used 7030K, capacity 7250K, committed 7296K, reserved 1056768K
  class space    used 819K, capacity 857K, committed 896K, reserved 1048576K
Event: 0.559 GC heap after
Heap after GC invocations=9 (full 0):
 PSYoungGen      total 8704K, used 576K [0x000000076ab00000, 0x000000076b980000, 0x00000007c0000000)
  eden space 7168K, 0% used [0x000000076ab00000,0x000000076ab00000,0x000000076b200000)
  from space 1536K, 37% used [0x000000076b200000,0x000000076b290000,0x000000076b380000)
  to   space 1536K, 0% used [0x000000076b800000,0x000000076b800000,0x000000076b980000)
 ParOldGen       total 260608K, used 1964K [0x00000006c0000000, 0x00000006cfe80000, 0x000000076ab00000)
  object space 260608K, 0% used [0x00000006c0000000,0x00000006c01eb248,0x00000006cfe80000)
 Metaspace       used 7030K, capacity 7250K, committed 7296K, reserved 1056768K
  class space    used 819K, capacity 857K, committed 896K, reserved 1048576K
}
Event: 0.579 GC heap before
{Heap before GC invocations=10 (full 0):
 PSYoungGen      total 8704K, used 7744K [0x000000076ab00000, 0x000000076b980000, 0x00000007c0000000)
  eden space 7168K, 100% used [0x000000076ab00000,0x000000076b200000,0x000000076b200000)
  from space 1536K, 37% used [0x000000076b200000,0x000000076b290000,0x000000076b380000)
  to   space 1536K, 0% used [0x000000076b800000,0x000000076b800000,0x000000076b980000)
 ParOldGen       total 260608K, used 1964K [0x00000006c0000000, 0x00000006cfe80000, 0x000000076ab00000)
  object space 260608K, 0% used [0x00000006c0000000,0x00000006c01eb248,0x00000006cfe80000)
 Metaspace       used 7040K, capacity 7250K, committed 7296K, reserved 1056768K
  class space    used 819K, capacity 857K, committed 896K, reserved 1048576K
Event: 0.579 GC heap after
Heap after GC invocations=10 (full 0):
 PSYoungGen      total 13312K, used 352K [0x000000076ab00000, 0x000000076b980000, 0x00000007c0000000)
  eden space 11776K, 0% used [0x000000076ab00000,0x000000076ab00000,0x000000076b680000)
  from space 1536K, 22% used [0x000000076b800000,0x000000076b858000,0x000000076b980000)
  to   space 1536K, 0% used [0x000000076b680000,0x000000076b680000,0x000000076b800000)
 ParOldGen       total 260608K, used 2268K [0x00000006c0000000, 0x00000006cfe80000, 0x000000076ab00000)
  object space 260608K, 0% used [0x00000006c0000000,0x00000006c0237248,0x00000006cfe80000)
 Metaspace       used 7040K, capacity 7250K, committed 7296K, reserved 1056768K
  class space    used 819K, capacity 857K, committed 896K, reserved 1048576K
}

